# JRE version: Java(TM) SE Runtime Environment (8.0_65-b17) (build 1.8.0_65-b17)
# Java VM: Java HotSpot(TM) 64-Bit Server VM (25.65-b01 mixed mode windows-amd64 compressed oops)
Heap:
 PSYoungGen      total 3584K, used 1507K [0x000000076b200000, 0x000000076b900000, 0x00000007c0000000)
  eden space 3072K, 32% used [0x000000076b200000,0x000000076b2fa168,0x000000076b500000)
  from space 512K, 98% used [0x000000076b500000,0x000000076b57eb30,0x000000076b580000)
  to   space 512K, 96% used [0x000000076b880000,0x000000076b8faf10,0x000000076b900000)
 ParOldGen       total 5632K, used 700K [0x00000006c1600000, 0x00000006c1b80000, 0x000000076b200000)
  object space 5632K, 12% used [0x00000006c1600000,0x00000006c16af050,0x00000006c1b80000)
 Metaspace       used 5354K, capacity 6540K, committed 6656K, reserved 1060864K
  class space    used 679K, capacity 712K, committed 768K, reserved 1048576K
GC Heap History (6 events):
Event: 0.085 GC heap before
{Heap before GC invocations=1 (full 0):
 PSYoungGen      total 2048K, used 1511K [0x000000076b200000, 0x000000076b480000, 0x00000007c0000000)
  eden space 1536K, 98% used [0x000000076b200000,0x000000076b379f90,0x000000076b380000)
  from space 512K, 0% used [0x000000076b400000,0x000000076b400000,0x000000076b480000)
  to   space 512K, 0% used [0x000000076b380000,0x000000076b380000,0x000000076b400000)
 ParOldGen       total 5632K, used 0K [0x00000006c1600000, 0x00000006c1b80000, 0x000000076b200000)
  object space 5632K, 0% used [0x00000006c1600000,0x00000006c1600000,0x00000006c1b80000)
 Metaspace       used 3321K, capacity 4812K, committed 5120K, reserved 1056768K
  class space    used 385K, capacity 456K, committed 512K, reserved 1048576K
Event: 0.087 GC heap after
Heap after GC invocations=1 (full 0):
 PSYoungGen      total 2048K, used 496K [0x000000076b200000, 0x000000076b600000, 0x00000007c0000000)
  eden space 1536K, 0% used [0x000000076b200000,0x000000076b200000,0x000000076b380000)
  from space 512K, 96% used [0x000000076b380000,0x000000076b3fc010,0x000000076b400000)
  to   space 512K, 0% used [0x000000076b580000,0x000000076b580000,0x000000076b600000)
 ParOldGen       total 5632K, used 72K [0x00000006c1600000, 0x00000006c1b80000, 0x000000076b200000)
  object space 5632K, 1% used [0x00000006c1600000,0x00000006c1612020,0x00000006c1b80000)
 Metaspace       used 3321K, capacity 4812K, committed 5120K, reserved 1056768K
  class space    used 385K, capacity 456K, committed 512K, reserved 1048576K
}
Event: 0.110 GC heap before
{Heap before GC invocations=2 (full 0):
 PSYoungGen      total 2048K, used 2032K [0x000000076b200000, 0x000000076b600000, 0x00000007c0000000)
  eden space 1536K, 100% used [0x000000076b200000,0x000000076b380000,0x000000076b380000)
  from space 512K, 96% used [0x000000076b380000,0x000000076b3fc010,0x000000076b400000)
  to   space 512K, 0% used [0x000000076b580000,0x000000076b580000,0x000000076b600000)
 ParOldGen       total 5632K, used 72K [0x00000006c1600000, 0x00000006c1b80000, 0x000000076b200000)
  object space 5632K, 1% used [0x00000006c1600000,0x00000006c1612020,0x00000006c1b80000)
 Metaspace       used 4037K, capacity 5324K, committed 5504K, reserved 1056768K
  class space    used 479K, capacity 520K, committed 640K, reserved 1048576K
Event: 0.112 GC heap after
Heap after GC invocations=2 (full 0):
 PSYoungGen      total 3584K, used 507K [0x000000076b200000, 0x000000076b600000, 0x00000007c0000000)
  eden space 3072K, 0% used [0x000000076b200000,0x000000076b200000,0x000000076b500000)
  from space 512K, 99% used [0x000000076b580000,0x000000076b5fef20,0x000000076b600000)
  to   space 512K, 0% used [0x000000076b500000,0x000000076b500000,0x000000076b580000)
 ParOldGen       total 5632K, used 136K [0x00000006c1600000, 0x00000006c1b80000, 0x000000076b200000)
  object space 5632K, 2% used [0x00000006c1600000,0x00000006c1622020,0x00000006c1b80000)
 Metaspace       used 4037K, capacity 5324K, committed 5504K, reserved 1056768K
  class space    used 479K, capacity 520K, committed 640K, reserved 1048576K
}
Event: 0.155 GC heap before
{Heap before GC invocations=3 (full 0):
 PSYoungGen      total 3584K, used 3551K [0x000000076b200000, 0x000000076b600000, 0x00000007c0000000)
  eden space 3072K, 99% used [0x000000076b200000,0x000000076b4f90b0,0x000000076b500000)
  from space 512K, 99% used [0x000000076b580000,0x000000076b5fef20,0x000000076b600000)
  to   space 512K, 0% used [0x000000076b500000,0x000000076b500000,0x000000076b580000)
 ParOldGen       total 5632K, used 136K [0x00000006c1600000, 0x00000006c1b80000, 0x000000076b200000)
  object space 5632K, 2% used [0x00000006c1600000,0x00000006c1622020,0x00000006c1b80000)
 Metaspace       used 5002K, capacity 6220K, committed 6400K, reserved 1056768K
  class space    used 617K, capacity 648K, committed 768K, reserved 1048576K
Event: 0.156 GC heap after
Heap after GC invocations=3 (full 0):
 PSYoungGen      total 3584K, used 506K [0x000000076b200000, 0x000000076b900000, 0x00000007c0000000)
  eden space 3072K, 0% used [0x000000076b200000,0x000000076b200000,0x000000076b500000)
  from space 512K, 98% used [0x000000076b500000,0x000000076b57eb30,0x000000076b580000)
  to   space 512K, 0% used [0x000000076b880000,0x000000076b880000,0x000000076b900000)
 ParOldGen       total 5632K, used 684K [0x00000006c1600000, 0x00000006c1b80000, 0x000000076b200000)
  object space 5632K, 12% used [0x00000006c1600000,0x00000006c16ab050,0x00000006c1b80000)
 Metaspace       used 5002K, capacity 6220K, committed 6400K, reserved 1056768K
  class space    used 617K, capacity 648K, committed 768K, reserved 1048576K
}

